Performing C++ SOURCE FILE Test HAVE_FILESYSTEM_IN_STD failed with the following output:
Change Dir: /home/andreas/Code/C++/VR/OpenXR/src/tests/NarradiaVR/.cxx/Debug/57354i6q/x86/CMakeFiles/CMakeTmp

Run Build Command(s):/usr/bin/ninja cmTC_64b36 && [1/2] Building CXX object CMakeFiles/cmTC_64b36.dir/src.cxx.o
FAILED: CMakeFiles/cmTC_64b36.dir/src.cxx.o 
/home/andreas/Android/Sdk/ndk/21.4.7075529/toolchains/llvm/prebuilt/linux-x86_64/bin/clang++ --target=i686-none-linux-android24 --gcc-toolchain=/home/andreas/Android/Sdk/ndk/21.4.7075529/toolchains/llvm/prebuilt/linux-x86_64 --sysroot=/home/andreas/Android/Sdk/ndk/21.4.7075529/toolchains/llvm/prebuilt/linux-x86_64/sysroot -DHAVE_FILESYSTEM_IN_STD -I/home/andreas/Code/C++/VR/OpenXR/src/common -g -DANDROID -fdata-sections -ffunction-sections -funwind-tables -fstack-protector-strong -no-canonical-prefixes -D_FORTIFY_SOURCE=2 -Wformat -Werror=format-security   -DCMAKE_CXX_STANDARD=14 -DCMAKE_CXX_STANDARD_REQUIRED=TRUE -fPIC -MD -MT CMakeFiles/cmTC_64b36.dir/src.cxx.o -MF CMakeFiles/cmTC_64b36.dir/src.cxx.o.d -o CMakeFiles/cmTC_64b36.dir/src.cxx.o -c /home/andreas/Code/C++/VR/OpenXR/src/tests/NarradiaVR/.cxx/Debug/57354i6q/x86/CMakeFiles/CMakeTmp/src.cxx
/home/andreas/Code/C++/VR/OpenXR/src/tests/NarradiaVR/.cxx/Debug/57354i6q/x86/CMakeFiles/CMakeTmp/src.cxx:8:15: error: use of undeclared identifier 'is_regular_file'
        (void)is_regular_file("/");
              ^
1 error generated.
ninja: build stopped: subcommand failed.


Source file was:
#include <stdfs_conditions.h>
    
    #if defined(USE_FINAL_FS) && USE_FINAL_FS
    #include <filesystem>
    using namespace std::filesystem;
    #endif
    int main() {
        (void)is_regular_file("/");
        return 0;
    }
    
    
Performing C++ SOURCE FILE Test HAVE_FILESYSTEM_IN_STDEXPERIMENTAL failed with the following output:
Change Dir: /home/andreas/Code/C++/VR/OpenXR/src/tests/NarradiaVR/.cxx/Debug/57354i6q/x86/CMakeFiles/CMakeTmp

Run Build Command(s):/usr/bin/ninja cmTC_cc76d && [1/2] Building CXX object CMakeFiles/cmTC_cc76d.dir/src.cxx.o
FAILED: CMakeFiles/cmTC_cc76d.dir/src.cxx.o 
/home/andreas/Android/Sdk/ndk/21.4.7075529/toolchains/llvm/prebuilt/linux-x86_64/bin/clang++ --target=i686-none-linux-android24 --gcc-toolchain=/home/andreas/Android/Sdk/ndk/21.4.7075529/toolchains/llvm/prebuilt/linux-x86_64 --sysroot=/home/andreas/Android/Sdk/ndk/21.4.7075529/toolchains/llvm/prebuilt/linux-x86_64/sysroot -DHAVE_FILESYSTEM_IN_STDEXPERIMENTAL -I/home/andreas/Code/C++/VR/OpenXR/src/common -g -DANDROID -fdata-sections -ffunction-sections -funwind-tables -fstack-protector-strong -no-canonical-prefixes -D_FORTIFY_SOURCE=2 -Wformat -Werror=format-security   -DCMAKE_CXX_STANDARD=14 -DCMAKE_CXX_STANDARD_REQUIRED=TRUE -fPIC -MD -MT CMakeFiles/cmTC_cc76d.dir/src.cxx.o -MF CMakeFiles/cmTC_cc76d.dir/src.cxx.o.d -o CMakeFiles/cmTC_cc76d.dir/src.cxx.o -c /home/andreas/Code/C++/VR/OpenXR/src/tests/NarradiaVR/.cxx/Debug/57354i6q/x86/CMakeFiles/CMakeTmp/src.cxx
/home/andreas/Code/C++/VR/OpenXR/src/tests/NarradiaVR/.cxx/Debug/57354i6q/x86/CMakeFiles/CMakeTmp/src.cxx:8:15: error: use of undeclared identifier 'is_regular_file'
        (void)is_regular_file("/");
              ^
1 error generated.
ninja: build stopped: subcommand failed.


Source file was:
#include <stdfs_conditions.h>
    
    #if defined(USE_EXPERIMENTAL_FS) && USE_EXPERIMENTAL_FS
    #include <experimental/filesystem>
    using namespace std::experimental::filesystem;
    #endif
    int main() {
        (void)is_regular_file("/");
        return 0;
    }
    
    
Performing C++ SOURCE FILE Test HAVE_FILESYSTEM_IN_STD_17 failed with the following output:
Change Dir: /home/andreas/Code/C++/VR/OpenXR/src/tests/NarradiaVR/.cxx/Debug/57354i6q/x86/CMakeFiles/CMakeTmp

Run Build Command(s):/usr/bin/ninja cmTC_5c241 && [1/2] Building CXX object CMakeFiles/cmTC_5c241.dir/src.cxx.o
FAILED: CMakeFiles/cmTC_5c241.dir/src.cxx.o 
/home/andreas/Android/Sdk/ndk/21.4.7075529/toolchains/llvm/prebuilt/linux-x86_64/bin/clang++ --target=i686-none-linux-android24 --gcc-toolchain=/home/andreas/Android/Sdk/ndk/21.4.7075529/toolchains/llvm/prebuilt/linux-x86_64 --sysroot=/home/andreas/Android/Sdk/ndk/21.4.7075529/toolchains/llvm/prebuilt/linux-x86_64/sysroot -DHAVE_FILESYSTEM_IN_STD_17 -I/home/andreas/Code/C++/VR/OpenXR/src/common -g -DANDROID -fdata-sections -ffunction-sections -funwind-tables -fstack-protector-strong -no-canonical-prefixes -D_FORTIFY_SOURCE=2 -Wformat -Werror=format-security   -DCMAKE_CXX_STANDARD=17 -DCMAKE_CXX_STANDARD_REQUIRED=TRUE -fPIC -MD -MT CMakeFiles/cmTC_5c241.dir/src.cxx.o -MF CMakeFiles/cmTC_5c241.dir/src.cxx.o.d -o CMakeFiles/cmTC_5c241.dir/src.cxx.o -c /home/andreas/Code/C++/VR/OpenXR/src/tests/NarradiaVR/.cxx/Debug/57354i6q/x86/CMakeFiles/CMakeTmp/src.cxx
/home/andreas/Code/C++/VR/OpenXR/src/tests/NarradiaVR/.cxx/Debug/57354i6q/x86/CMakeFiles/CMakeTmp/src.cxx:8:15: error: use of undeclared identifier 'is_regular_file'
        (void)is_regular_file("/");
              ^
1 error generated.
ninja: build stopped: subcommand failed.


Source file was:
#include <stdfs_conditions.h>
    
    #if defined(USE_FINAL_FS) && USE_FINAL_FS
    #include <filesystem>
    using namespace std::filesystem;
    #endif
    int main() {
        (void)is_regular_file("/");
        return 0;
    }
    
    
Performing C++ SOURCE FILE Test HAVE_FILESYSTEM_WITHOUT_LIB failed with the following output:
Change Dir: /home/andreas/Code/C++/VR/OpenXR/src/tests/NarradiaVR/.cxx/Debug/57354i6q/x86/CMakeFiles/CMakeTmp

Run Build Command(s):/usr/bin/ninja cmTC_09bd7 && [1/2] Building CXX object CMakeFiles/cmTC_09bd7.dir/src.cxx.o
FAILED: CMakeFiles/cmTC_09bd7.dir/src.cxx.o 
/home/andreas/Android/Sdk/ndk/21.4.7075529/toolchains/llvm/prebuilt/linux-x86_64/bin/clang++ --target=i686-none-linux-android24 --gcc-toolchain=/home/andreas/Android/Sdk/ndk/21.4.7075529/toolchains/llvm/prebuilt/linux-x86_64 --sysroot=/home/andreas/Android/Sdk/ndk/21.4.7075529/toolchains/llvm/prebuilt/linux-x86_64/sysroot -DHAVE_FILESYSTEM_WITHOUT_LIB -I/home/andreas/Code/C++/VR/OpenXR/src/common -g -DANDROID -fdata-sections -ffunction-sections -funwind-tables -fstack-protector-strong -no-canonical-prefixes -D_FORTIFY_SOURCE=2 -Wformat -Werror=format-security    -fPIE -MD -MT CMakeFiles/cmTC_09bd7.dir/src.cxx.o -MF CMakeFiles/cmTC_09bd7.dir/src.cxx.o.d -o CMakeFiles/cmTC_09bd7.dir/src.cxx.o -c /home/andreas/Code/C++/VR/OpenXR/src/tests/NarradiaVR/.cxx/Debug/57354i6q/x86/CMakeFiles/CMakeTmp/src.cxx
/home/andreas/Code/C++/VR/OpenXR/src/tests/NarradiaVR/.cxx/Debug/57354i6q/x86/CMakeFiles/CMakeTmp/src.cxx:12:15: error: use of undeclared identifier 'is_regular_file'
        (void)is_regular_file("/");
              ^
1 error generated.
ninja: build stopped: subcommand failed.


Source file was:
#include <stdfs_conditions.h>
    
    #if defined(USE_FINAL_FS) && USE_FINAL_FS
    #include <filesystem>
    using namespace std::filesystem;
    #endif
    #if defined(USE_EXPERIMENTAL_FS) && USE_EXPERIMENTAL_FS
    #include <experimental/filesystem>
    using namespace std::experimental::filesystem;
    #endif
    int main() {
        (void)is_regular_file("/");
        return 0;
    }
    
    
Performing C++ SOURCE FILE Test HAVE_FILESYSTEM_NEEDING_LIBSTDCXXFS failed with the following output:
Change Dir: /home/andreas/Code/C++/VR/OpenXR/src/tests/NarradiaVR/.cxx/Debug/57354i6q/x86/CMakeFiles/CMakeTmp

Run Build Command(s):/usr/bin/ninja cmTC_39917 && [1/2] Building CXX object CMakeFiles/cmTC_39917.dir/src.cxx.o
FAILED: CMakeFiles/cmTC_39917.dir/src.cxx.o 
/home/andreas/Android/Sdk/ndk/21.4.7075529/toolchains/llvm/prebuilt/linux-x86_64/bin/clang++ --target=i686-none-linux-android24 --gcc-toolchain=/home/andreas/Android/Sdk/ndk/21.4.7075529/toolchains/llvm/prebuilt/linux-x86_64 --sysroot=/home/andreas/Android/Sdk/ndk/21.4.7075529/toolchains/llvm/prebuilt/linux-x86_64/sysroot -DHAVE_FILESYSTEM_NEEDING_LIBSTDCXXFS -I/home/andreas/Code/C++/VR/OpenXR/src/common -g -DANDROID -fdata-sections -ffunction-sections -funwind-tables -fstack-protector-strong -no-canonical-prefixes -D_FORTIFY_SOURCE=2 -Wformat -Werror=format-security    -fPIE -MD -MT CMakeFiles/cmTC_39917.dir/src.cxx.o -MF CMakeFiles/cmTC_39917.dir/src.cxx.o.d -o CMakeFiles/cmTC_39917.dir/src.cxx.o -c /home/andreas/Code/C++/VR/OpenXR/src/tests/NarradiaVR/.cxx/Debug/57354i6q/x86/CMakeFiles/CMakeTmp/src.cxx
/home/andreas/Code/C++/VR/OpenXR/src/tests/NarradiaVR/.cxx/Debug/57354i6q/x86/CMakeFiles/CMakeTmp/src.cxx:12:15: error: use of undeclared identifier 'is_regular_file'
        (void)is_regular_file("/");
              ^
1 error generated.
ninja: build stopped: subcommand failed.


Source file was:
#include <stdfs_conditions.h>
    
    #if defined(USE_FINAL_FS) && USE_FINAL_FS
    #include <filesystem>
    using namespace std::filesystem;
    #endif
    #if defined(USE_EXPERIMENTAL_FS) && USE_EXPERIMENTAL_FS
    #include <experimental/filesystem>
    using namespace std::experimental::filesystem;
    #endif
    int main() {
        (void)is_regular_file("/");
        return 0;
    }
    
    
Performing C++ SOURCE FILE Test HAVE_FILESYSTEM_NEEDING_LIBCXXFS failed with the following output:
Change Dir: /home/andreas/Code/C++/VR/OpenXR/src/tests/NarradiaVR/.cxx/Debug/57354i6q/x86/CMakeFiles/CMakeTmp

Run Build Command(s):/usr/bin/ninja cmTC_42139 && [1/2] Building CXX object CMakeFiles/cmTC_42139.dir/src.cxx.o
FAILED: CMakeFiles/cmTC_42139.dir/src.cxx.o 
/home/andreas/Android/Sdk/ndk/21.4.7075529/toolchains/llvm/prebuilt/linux-x86_64/bin/clang++ --target=i686-none-linux-android24 --gcc-toolchain=/home/andreas/Android/Sdk/ndk/21.4.7075529/toolchains/llvm/prebuilt/linux-x86_64 --sysroot=/home/andreas/Android/Sdk/ndk/21.4.7075529/toolchains/llvm/prebuilt/linux-x86_64/sysroot -DHAVE_FILESYSTEM_NEEDING_LIBCXXFS -I/home/andreas/Code/C++/VR/OpenXR/src/common -g -DANDROID -fdata-sections -ffunction-sections -funwind-tables -fstack-protector-strong -no-canonical-prefixes -D_FORTIFY_SOURCE=2 -Wformat -Werror=format-security    -fPIE -MD -MT CMakeFiles/cmTC_42139.dir/src.cxx.o -MF CMakeFiles/cmTC_42139.dir/src.cxx.o.d -o CMakeFiles/cmTC_42139.dir/src.cxx.o -c /home/andreas/Code/C++/VR/OpenXR/src/tests/NarradiaVR/.cxx/Debug/57354i6q/x86/CMakeFiles/CMakeTmp/src.cxx
/home/andreas/Code/C++/VR/OpenXR/src/tests/NarradiaVR/.cxx/Debug/57354i6q/x86/CMakeFiles/CMakeTmp/src.cxx:12:15: error: use of undeclared identifier 'is_regular_file'
        (void)is_regular_file("/");
              ^
1 error generated.
ninja: build stopped: subcommand failed.


Source file was:
#include <stdfs_conditions.h>
    
    #if defined(USE_FINAL_FS) && USE_FINAL_FS
    #include <filesystem>
    using namespace std::filesystem;
    #endif
    #if defined(USE_EXPERIMENTAL_FS) && USE_EXPERIMENTAL_FS
    #include <experimental/filesystem>
    using namespace std::experimental::filesystem;
    #endif
    int main() {
        (void)is_regular_file("/");
        return 0;
    }
    
    
Performing C SOURCE FILE Test CMAKE_HAVE_LIBC_PTHREAD failed with the following output:
Change Dir: /home/andreas/Code/C++/VR/OpenXR/src/tests/NarradiaVR/.cxx/Debug/57354i6q/x86/CMakeFiles/CMakeTmp

Run Build Command(s):/usr/bin/ninja cmTC_7f922 && [1/2] Building C object CMakeFiles/cmTC_7f922.dir/src.c.o
/home/andreas/Code/C++/VR/OpenXR/src/tests/NarradiaVR/.cxx/Debug/57354i6q/x86/CMakeFiles/CMakeTmp/src.c:13:3: warning: implicit declaration of function 'pthread_cancel' is invalid in C99 [-Wimplicit-function-declaration]
  pthread_cancel(thread);
  ^
1 warning generated.
[2/2] Linking C executable cmTC_7f922
FAILED: cmTC_7f922 
: && /home/andreas/Android/Sdk/ndk/21.4.7075529/toolchains/llvm/prebuilt/linux-x86_64/bin/clang --target=i686-none-linux-android24 --gcc-toolchain=/home/andreas/Android/Sdk/ndk/21.4.7075529/toolchains/llvm/prebuilt/linux-x86_64 --sysroot=/home/andreas/Android/Sdk/ndk/21.4.7075529/toolchains/llvm/prebuilt/linux-x86_64/sysroot -g -DANDROID -fdata-sections -ffunction-sections -funwind-tables -fstack-protector-strong -no-canonical-prefixes -D_FORTIFY_SOURCE=2 -Wformat -Werror=format-security -Wl,--exclude-libs,libgcc.a -Wl,--exclude-libs,libgcc_real.a -Wl,--exclude-libs,libatomic.a -static-libstdc++ -Wl,--build-id -Wl,--fatal-warnings -Wl,--no-undefined -Qunused-arguments -Wl,--gc-sections CMakeFiles/cmTC_7f922.dir/src.c.o -o cmTC_7f922  -latomic -lm && :
src.c:13: error: undefined reference to 'pthread_cancel'
clang: error: linker command failed with exit code 1 (use -v to see invocation)
ninja: build stopped: subcommand failed.


Source file was:
#include <pthread.h>

static void* test_func(void* data)
{
  return data;
}

int main(void)
{
  pthread_t thread;
  pthread_create(&thread, NULL, test_func, NULL);
  pthread_detach(thread);
  pthread_cancel(thread);
  pthread_join(thread, NULL);
  pthread_atfork(NULL, NULL, NULL);
  pthread_exit(NULL);

  return 0;
}

Determining if the function pthread_create exists in the pthreads failed with the following output:
Change Dir: /home/andreas/Code/C++/VR/OpenXR/src/tests/NarradiaVR/.cxx/Debug/57354i6q/x86/CMakeFiles/CMakeTmp

Run Build Command(s):/usr/bin/ninja cmTC_ac3db && [1/2] Building C object CMakeFiles/cmTC_ac3db.dir/CheckFunctionExists.c.o
/usr/share/cmake-3.22/Modules/CheckFunctionExists.c:7:3: warning: declaration of built-in function 'pthread_create' requires inclusion of the header <pthread.h> [-Wbuiltin-requires-header]
  CHECK_FUNCTION_EXISTS(void);
  ^
<command line>:3:31: note: expanded from here
#define CHECK_FUNCTION_EXISTS pthread_create
                              ^
1 warning generated.
[2/2] Linking C executable cmTC_ac3db
FAILED: cmTC_ac3db 
: && /home/andreas/Android/Sdk/ndk/21.4.7075529/toolchains/llvm/prebuilt/linux-x86_64/bin/clang --target=i686-none-linux-android24 --gcc-toolchain=/home/andreas/Android/Sdk/ndk/21.4.7075529/toolchains/llvm/prebuilt/linux-x86_64 --sysroot=/home/andreas/Android/Sdk/ndk/21.4.7075529/toolchains/llvm/prebuilt/linux-x86_64/sysroot -g -DANDROID -fdata-sections -ffunction-sections -funwind-tables -fstack-protector-strong -no-canonical-prefixes -D_FORTIFY_SOURCE=2 -Wformat -Werror=format-security  -DCHECK_FUNCTION_EXISTS=pthread_create -Wl,--exclude-libs,libgcc.a -Wl,--exclude-libs,libgcc_real.a -Wl,--exclude-libs,libatomic.a -static-libstdc++ -Wl,--build-id -Wl,--fatal-warnings -Wl,--no-undefined -Qunused-arguments -Wl,--gc-sections CMakeFiles/cmTC_ac3db.dir/CheckFunctionExists.c.o -o cmTC_ac3db  -lpthreads  -latomic -lm && :
/home/andreas/Android/Sdk/ndk/21.4.7075529/toolchains/llvm/prebuilt/linux-x86_64/lib/gcc/i686-linux-android/4.9.x/../../../../i686-linux-android/bin/ld: error: cannot find -lpthreads
clang: error: linker command failed with exit code 1 (use -v to see invocation)
ninja: build stopped: subcommand failed.



Determining if the function pthread_create exists in the pthread failed with the following output:
Change Dir: /home/andreas/Code/C++/VR/OpenXR/src/tests/NarradiaVR/.cxx/Debug/57354i6q/x86/CMakeFiles/CMakeTmp

Run Build Command(s):/usr/bin/ninja cmTC_678c4 && [1/2] Building C object CMakeFiles/cmTC_678c4.dir/CheckFunctionExists.c.o
/usr/share/cmake-3.22/Modules/CheckFunctionExists.c:7:3: warning: declaration of built-in function 'pthread_create' requires inclusion of the header <pthread.h> [-Wbuiltin-requires-header]
  CHECK_FUNCTION_EXISTS(void);
  ^
<command line>:3:31: note: expanded from here
#define CHECK_FUNCTION_EXISTS pthread_create
                              ^
1 warning generated.
[2/2] Linking C executable cmTC_678c4
FAILED: cmTC_678c4 
: && /home/andreas/Android/Sdk/ndk/21.4.7075529/toolchains/llvm/prebuilt/linux-x86_64/bin/clang --target=i686-none-linux-android24 --gcc-toolchain=/home/andreas/Android/Sdk/ndk/21.4.7075529/toolchains/llvm/prebuilt/linux-x86_64 --sysroot=/home/andreas/Android/Sdk/ndk/21.4.7075529/toolchains/llvm/prebuilt/linux-x86_64/sysroot -g -DANDROID -fdata-sections -ffunction-sections -funwind-tables -fstack-protector-strong -no-canonical-prefixes -D_FORTIFY_SOURCE=2 -Wformat -Werror=format-security  -DCHECK_FUNCTION_EXISTS=pthread_create -Wl,--exclude-libs,libgcc.a -Wl,--exclude-libs,libgcc_real.a -Wl,--exclude-libs,libatomic.a -static-libstdc++ -Wl,--build-id -Wl,--fatal-warnings -Wl,--no-undefined -Qunused-arguments -Wl,--gc-sections CMakeFiles/cmTC_678c4.dir/CheckFunctionExists.c.o -o cmTC_678c4  -lpthread  -latomic -lm && :
/home/andreas/Android/Sdk/ndk/21.4.7075529/toolchains/llvm/prebuilt/linux-x86_64/lib/gcc/i686-linux-android/4.9.x/../../../../i686-linux-android/bin/ld: error: cannot find -lpthread
clang: error: linker command failed with exit code 1 (use -v to see invocation)
ninja: build stopped: subcommand failed.



Determining if the function secure_getenv exists failed with the following output:
Change Dir: /home/andreas/Code/C++/VR/OpenXR/src/tests/NarradiaVR/.cxx/Debug/57354i6q/x86/CMakeFiles/CMakeTmp

Run Build Command(s):/usr/bin/ninja cmTC_3437e && [1/2] Building C object CMakeFiles/cmTC_3437e.dir/CheckFunctionExists.c.o
[2/2] Linking C executable cmTC_3437e
FAILED: cmTC_3437e 
: && /home/andreas/Android/Sdk/ndk/21.4.7075529/toolchains/llvm/prebuilt/linux-x86_64/bin/clang --target=i686-none-linux-android24 --gcc-toolchain=/home/andreas/Android/Sdk/ndk/21.4.7075529/toolchains/llvm/prebuilt/linux-x86_64 --sysroot=/home/andreas/Android/Sdk/ndk/21.4.7075529/toolchains/llvm/prebuilt/linux-x86_64/sysroot -g -DANDROID -fdata-sections -ffunction-sections -funwind-tables -fstack-protector-strong -no-canonical-prefixes -D_FORTIFY_SOURCE=2 -Wformat -Werror=format-security  -DCHECK_FUNCTION_EXISTS=secure_getenv -Wl,--exclude-libs,libgcc.a -Wl,--exclude-libs,libgcc_real.a -Wl,--exclude-libs,libatomic.a -static-libstdc++ -Wl,--build-id -Wl,--fatal-warnings -Wl,--no-undefined -Qunused-arguments -Wl,--gc-sections CMakeFiles/cmTC_3437e.dir/CheckFunctionExists.c.o -o cmTC_3437e  -latomic -lm && :
/usr/share/cmake-3.22/Modules/CheckFunctionExists.c:17: error: undefined reference to 'secure_getenv'
clang: error: linker command failed with exit code 1 (use -v to see invocation)
ninja: build stopped: subcommand failed.



Determining if the function __secure_getenv exists failed with the following output:
Change Dir: /home/andreas/Code/C++/VR/OpenXR/src/tests/NarradiaVR/.cxx/Debug/57354i6q/x86/CMakeFiles/CMakeTmp

Run Build Command(s):/usr/bin/ninja cmTC_1abd9 && [1/2] Building C object CMakeFiles/cmTC_1abd9.dir/CheckFunctionExists.c.o
[2/2] Linking C executable cmTC_1abd9
FAILED: cmTC_1abd9 
: && /home/andreas/Android/Sdk/ndk/21.4.7075529/toolchains/llvm/prebuilt/linux-x86_64/bin/clang --target=i686-none-linux-android24 --gcc-toolchain=/home/andreas/Android/Sdk/ndk/21.4.7075529/toolchains/llvm/prebuilt/linux-x86_64 --sysroot=/home/andreas/Android/Sdk/ndk/21.4.7075529/toolchains/llvm/prebuilt/linux-x86_64/sysroot -g -DANDROID -fdata-sections -ffunction-sections -funwind-tables -fstack-protector-strong -no-canonical-prefixes -D_FORTIFY_SOURCE=2 -Wformat -Werror=format-security  -DCHECK_FUNCTION_EXISTS=__secure_getenv -Wl,--exclude-libs,libgcc.a -Wl,--exclude-libs,libgcc_real.a -Wl,--exclude-libs,libatomic.a -static-libstdc++ -Wl,--build-id -Wl,--fatal-warnings -Wl,--no-undefined -Qunused-arguments -Wl,--gc-sections CMakeFiles/cmTC_1abd9.dir/CheckFunctionExists.c.o -o cmTC_1abd9  -latomic -lm && :
/usr/share/cmake-3.22/Modules/CheckFunctionExists.c:17: error: undefined reference to '__secure_getenv'
clang: error: linker command failed with exit code 1 (use -v to see invocation)
ninja: build stopped: subcommand failed.



Determining if the timespec_get exist failed with the following output:
Change Dir: /home/andreas/Code/C++/VR/OpenXR/src/tests/NarradiaVR/.cxx/Debug/57354i6q/x86/CMakeFiles/CMakeTmp

Run Build Command(s):/usr/bin/ninja cmTC_bebac && [1/2] Building C object CMakeFiles/cmTC_bebac.dir/CheckSymbolExists.c.o
FAILED: CMakeFiles/cmTC_bebac.dir/CheckSymbolExists.c.o 
/home/andreas/Android/Sdk/ndk/21.4.7075529/toolchains/llvm/prebuilt/linux-x86_64/bin/clang --target=i686-none-linux-android24 --gcc-toolchain=/home/andreas/Android/Sdk/ndk/21.4.7075529/toolchains/llvm/prebuilt/linux-x86_64 --sysroot=/home/andreas/Android/Sdk/ndk/21.4.7075529/toolchains/llvm/prebuilt/linux-x86_64/sysroot   -g -DANDROID -fdata-sections -ffunction-sections -funwind-tables -fstack-protector-strong -no-canonical-prefixes -D_FORTIFY_SOURCE=2 -Wformat   -fPIE -MD -MT CMakeFiles/cmTC_bebac.dir/CheckSymbolExists.c.o -MF CMakeFiles/cmTC_bebac.dir/CheckSymbolExists.c.o.d -o CMakeFiles/cmTC_bebac.dir/CheckSymbolExists.c.o -c /home/andreas/Code/C++/VR/OpenXR/src/tests/NarradiaVR/.cxx/Debug/57354i6q/x86/CMakeFiles/CMakeTmp/CheckSymbolExists.c
/home/andreas/Code/C++/VR/OpenXR/src/tests/NarradiaVR/.cxx/Debug/57354i6q/x86/CMakeFiles/CMakeTmp/CheckSymbolExists.c:8:19: error: use of undeclared identifier 'timespec_get'
  return ((int*)(&timespec_get))[argc];
                  ^
1 error generated.
ninja: build stopped: subcommand failed.


File /home/andreas/Code/C++/VR/OpenXR/src/tests/NarradiaVR/.cxx/Debug/57354i6q/x86/CMakeFiles/CMakeTmp/CheckSymbolExists.c:
/* */
#include <time.h>

int main(int argc, char** argv)
{
  (void)argv;
#ifndef timespec_get
  return ((int*)(&timespec_get))[argc];
#else
  (void)argc;
  return 0;
#endif
}
